---------- Date: 2016-08-26 15:38:07 ~ IP : 217.12.205.170 ----------
REQUEST URI : /zapchasti-dlya-to&amp;filter=2
MOD DETAILS:
   modFile   : /home/technori/technoride.com.ua/www/vqmod/xml/custom_title.xml
   id        : Custom titles
   version   : 1.0.0
   vqmver    : 2.1.5
   author    : ovife21
SEARCH NOT FOUND (ABORTING MOD): $this->document->setTitle($category_info['name']);

----------------------------------------------------------------------


---------- Date: 2016-08-26 15:40:52 ~ IP : 130.193.50.14 ----------
REQUEST URI : /Sinteticheskoe-motornoe-maslo-Agip-Eni-i-Sint-5W40-5l
MOD DETAILS:
   modFile   : /home/technori/technoride.com.ua/www/vqmod/xml/custom_title.xml
   id        : Custom titles
   version   : 1.0.0
   vqmver    : 2.1.5
   author    : ovife21
SEARCH NOT FOUND (ABORTING MOD): $this->document->setTitle($product_info['name']);

MOD DETAILS:
   modFile   : /home/technori/technoride.com.ua/www/vqmod/xml/product_seo_plus_title_with_category.xml
   id        : Product SEO Plus Product Title + Category
   version   : 1.0.0
   vqmver    : 2.1.5
   author    : ovife21
SEARCH NOT FOUND (ABORTING MOD): setTitle($product_info['name'])
----------------------------------------------------------------------


---------- Date: 2016-08-26 17:27:17 ~ IP : 217.12.205.170 ----------
REQUEST URI : /akcii
MOD DETAILS:
   modFile   : /home/technori/technoride.com.ua/www/vqmod/xml/custom_title.xml
   id        : Custom titles
   version   : 1.0.0
   vqmver    : 2.1.5
   author    : ovife21
SEARCH NOT FOUND (ABORTING MOD): $this->document->setTitle($category_info['name']);

----------------------------------------------------------------------


---------- Date: 2016-08-26 17:31:34 ~ IP : 217.12.205.170 ----------
REQUEST URI : /oil/esso-uniflo-15w-40-1l.html
MOD DETAILS:
   modFile   : /home/technori/technoride.com.ua/www/vqmod/xml/custom_title.xml
   id        : Custom titles
   version   : 1.0.0
   vqmver    : 2.1.5
   author    : ovife21
SEARCH NOT FOUND (ABORTING MOD): $this->document->setTitle($product_info['name']);

MOD DETAILS:
   modFile   : /home/technori/technoride.com.ua/www/vqmod/xml/product_seo_plus_title_with_category.xml
   id        : Product SEO Plus Product Title + Category
   version   : 1.0.0
   vqmver    : 2.1.5
   author    : ovife21
SEARCH NOT FOUND (ABORTING MOD): setTitle($product_info['name'])
----------------------------------------------------------------------


---------- Date: 2016-08-26 18:30:44 ~ IP : 217.12.205.170 ----------
REQUEST URI : /oil
MOD DETAILS:
   modFile   : /home/technori/technoride.com.ua/www/vqmod/xml/custom_title.xml
   id        : Custom titles
   version   : 1.0.0
   vqmver    : 2.1.5
   author    : ovife21
SEARCH NOT FOUND (ABORTING MOD): $this->document->setTitle($category_info['name']);

----------------------------------------------------------------------


---------- Date: 2016-08-26 18:31:38 ~ IP : 217.12.205.170 ----------
REQUEST URI : /autohim
MOD DETAILS:
   modFile   : /home/technori/technoride.com.ua/www/vqmod/xml/custom_title.xml
   id        : Custom titles
   version   : 1.0.0
   vqmver    : 2.1.5
   author    : ovife21
SEARCH NOT FOUND (ABORTING MOD): $this->document->setTitle($category_info['name']);

----------------------------------------------------------------------


---------- Date: 2016-08-26 18:33:13 ~ IP : 217.12.205.170 ----------
REQUEST URI : /akcii
MOD DETAILS:
   modFile   : /home/technori/technoride.com.ua/www/vqmod/xml/custom_title.xml
   id        : Custom titles
   version   : 1.0.0
   vqmver    : 2.1.5
   author    : ovife21
SEARCH NOT FOUND (ABORTING MOD): $this->document->setTitle($category_info['name']);

----------------------------------------------------------------------


---------- Date: 2016-08-26 18:33:43 ~ IP : 217.12.205.170 ----------
REQUEST URI : /akcii
MOD DETAILS:
   modFile   : /home/technori/technoride.com.ua/www/vqmod/xml/custom_title.xml
   id        : Custom titles
   version   : 1.0.0
   vqmver    : 2.1.5
   author    : ovife21
SEARCH NOT FOUND (ABORTING MOD): $this->document->setTitle($category_info['name']);

----------------------------------------------------------------------


---------- Date: 2016-08-26 18:36:36 ~ IP : 217.12.205.170 ----------
REQUEST URI : /autohim
MOD DETAILS:
   modFile   : /home/technori/technoride.com.ua/www/vqmod/xml/custom_title.xml
   id        : Custom titles
   version   : 1.0.0
   vqmver    : 2.1.5
   author    : ovife21
SEARCH NOT FOUND (ABORTING MOD): $this->document->setTitle($category_info['name']);

----------------------------------------------------------------------


---------- Date: 2016-08-26 18:37:18 ~ IP : 217.12.205.170 ----------
REQUEST URI : /akcii
MOD DETAILS:
   modFile   : /home/technori/technoride.com.ua/www/vqmod/xml/custom_title.xml
   id        : Custom titles
   version   : 1.0.0
   vqmver    : 2.1.5
   author    : ovife21
SEARCH NOT FOUND (ABORTING MOD): $this->document->setTitle($category_info['name']);

----------------------------------------------------------------------


---------- Date: 2016-08-26 18:38:53 ~ IP : 217.12.205.170 ----------
REQUEST URI : /oil
MOD DETAILS:
   modFile   : /home/technori/technoride.com.ua/www/vqmod/xml/custom_title.xml
   id        : Custom titles
   version   : 1.0.0
   vqmver    : 2.1.5
   author    : ovife21
SEARCH NOT FOUND (ABORTING MOD): $this->document->setTitle($category_info['name']);

----------------------------------------------------------------------


---------- Date: 2016-08-26 18:41:09 ~ IP : 217.12.205.170 ----------
REQUEST URI : /oil
MOD DETAILS:
   modFile   : /home/technori/technoride.com.ua/www/vqmod/xml/custom_title.xml
   id        : Custom titles
   version   : 1.0.0
   vqmver    : 2.1.5
   author    : ovife21
SEARCH NOT FOUND (ABORTING MOD): $this->document->setTitle($category_info['name']);

----------------------------------------------------------------------


---------- Date: 2016-08-26 18:44:18 ~ IP : 217.12.205.170 ----------
REQUEST URI : /akcii
MOD DETAILS:
   modFile   : /home/technori/technoride.com.ua/www/vqmod/xml/custom_title.xml
   id        : Custom titles
   version   : 1.0.0
   vqmver    : 2.1.5
   author    : ovife21
SEARCH NOT FOUND (ABORTING MOD): $this->document->setTitle($category_info['name']);

----------------------------------------------------------------------


---------- Date: 2016-08-26 23:08:54 ~ IP : 141.8.142.96 ----------
REQUEST URI : /cvechi-zazhiganiya-denso-k20pru11.html
MOD DETAILS:
   modFile   : /home/technori/technoride.com.ua/www/vqmod/xml/custom_title.xml
   id        : Custom titles
   version   : 1.0.0
   vqmver    : 2.1.5
   author    : ovife21
SEARCH NOT FOUND (ABORTING MOD): $this->document->setTitle($product_info['name']);

MOD DETAILS:
   modFile   : /home/technori/technoride.com.ua/www/vqmod/xml/product_seo_plus_title_with_category.xml
   id        : Product SEO Plus Product Title + Category
   version   : 1.0.0
   vqmver    : 2.1.5
   author    : ovife21
SEARCH NOT FOUND (ABORTING MOD): setTitle($product_info['name'])
----------------------------------------------------------------------


